[2024-10-06T19:26:27.984+0000] {taskinstance.py:1159} INFO - Dependencies all met for dep_context=non-requeueable deps ti=<TaskInstance: flight_data_pipeline.fetch_flights_data scheduled__2024-02-11T00:00:00+00:00 [queued]>
[2024-10-06T19:26:27.995+0000] {taskinstance.py:1159} INFO - Dependencies all met for dep_context=requeueable deps ti=<TaskInstance: flight_data_pipeline.fetch_flights_data scheduled__2024-02-11T00:00:00+00:00 [queued]>
[2024-10-06T19:26:27.996+0000] {taskinstance.py:1361} INFO - Starting attempt 1 of 1
[2024-10-06T19:26:28.011+0000] {taskinstance.py:1382} INFO - Executing <Task(PythonOperator): fetch_flights_data> on 2024-02-11 00:00:00+00:00
[2024-10-06T19:26:28.017+0000] {standard_task_runner.py:57} INFO - Started process 212 to run task
[2024-10-06T19:26:28.022+0000] {standard_task_runner.py:84} INFO - Running: ['***', 'tasks', 'run', 'flight_data_pipeline', 'fetch_flights_data', 'scheduled__2024-02-11T00:00:00+00:00', '--job-id', '89', '--raw', '--subdir', 'DAGS_FOLDER/flights_dag.py', '--cfg-path', '/tmp/tmpvmkvs2dt']
[2024-10-06T19:26:28.025+0000] {standard_task_runner.py:85} INFO - Job 89: Subtask fetch_flights_data
[2024-10-06T19:26:28.047+0000] {logging_mixin.py:154} WARNING - /home/***/.local/lib/python3.8/site-packages/***/settings.py:195 DeprecationWarning: The sql_alchemy_conn option in [core] has been moved to the sql_alchemy_conn option in [database] - the old setting has been used, but please update your config.
[2024-10-06T19:26:28.110+0000] {task_command.py:416} INFO - Running <TaskInstance: flight_data_pipeline.fetch_flights_data scheduled__2024-02-11T00:00:00+00:00 [running]> on host 4630f5888709
[2024-10-06T19:26:28.211+0000] {taskinstance.py:1662} INFO - Exporting env vars: AIRFLOW_CTX_DAG_OWNER='***' AIRFLOW_CTX_DAG_ID='flight_data_pipeline' AIRFLOW_CTX_TASK_ID='fetch_flights_data' AIRFLOW_CTX_EXECUTION_DATE='2024-02-11T00:00:00+00:00' AIRFLOW_CTX_TRY_NUMBER='1' AIRFLOW_CTX_DAG_RUN_ID='scheduled__2024-02-11T00:00:00+00:00'
[2024-10-06T19:26:32.006+0000] {logging_mixin.py:154} INFO - Data fetched containing 1 rows
[2024-10-06T19:26:32.007+0000] {logging_mixin.py:154} INFO - Data fetched containing 2 rows
[2024-10-06T19:26:32.009+0000] {logging_mixin.py:154} INFO - Data fetched containing 3 rows
[2024-10-06T19:26:32.010+0000] {logging_mixin.py:154} INFO - Data fetched containing 4 rows
[2024-10-06T19:26:32.011+0000] {logging_mixin.py:154} INFO - Data fetched containing 5 rows
[2024-10-06T19:26:32.012+0000] {logging_mixin.py:154} INFO - Data fetched containing 6 rows
[2024-10-06T19:26:32.013+0000] {logging_mixin.py:154} INFO - Data fetched containing 7 rows
[2024-10-06T19:26:32.014+0000] {logging_mixin.py:154} INFO - Data fetched containing 8 rows
[2024-10-06T19:26:32.015+0000] {logging_mixin.py:154} INFO - Data fetched containing 9 rows
[2024-10-06T19:26:32.017+0000] {logging_mixin.py:154} INFO - Data fetched containing 10 rows
[2024-10-06T19:26:32.017+0000] {logging_mixin.py:154} INFO - Data fetched containing 11 rows
[2024-10-06T19:26:32.019+0000] {logging_mixin.py:154} INFO - Data fetched containing 12 rows
[2024-10-06T19:26:32.020+0000] {logging_mixin.py:154} INFO - Data fetched containing 13 rows
[2024-10-06T19:26:32.021+0000] {logging_mixin.py:154} INFO - Data fetched containing 14 rows
[2024-10-06T19:26:32.022+0000] {logging_mixin.py:154} INFO - Data fetched containing 15 rows
[2024-10-06T19:26:32.023+0000] {logging_mixin.py:154} INFO - Data fetched containing 16 rows
[2024-10-06T19:26:32.024+0000] {logging_mixin.py:154} INFO - Data fetched containing 17 rows
[2024-10-06T19:26:32.025+0000] {logging_mixin.py:154} INFO - Data fetched containing 18 rows
[2024-10-06T19:26:32.027+0000] {logging_mixin.py:154} INFO - Data fetched containing 19 rows
[2024-10-06T19:26:32.028+0000] {logging_mixin.py:154} INFO - Data fetched containing 20 rows
[2024-10-06T19:26:32.029+0000] {logging_mixin.py:154} INFO - Data fetched containing 21 rows
[2024-10-06T19:26:32.030+0000] {logging_mixin.py:154} INFO - Data fetched containing 22 rows
[2024-10-06T19:26:32.031+0000] {logging_mixin.py:154} INFO - Data fetched containing 23 rows
[2024-10-06T19:26:32.033+0000] {logging_mixin.py:154} INFO - Data fetched containing 24 rows
[2024-10-06T19:26:32.034+0000] {logging_mixin.py:154} INFO - Data fetched containing 25 rows
[2024-10-06T19:26:32.035+0000] {logging_mixin.py:154} INFO - Data fetched containing 26 rows
[2024-10-06T19:26:32.036+0000] {logging_mixin.py:154} INFO - Data fetched containing 27 rows
[2024-10-06T19:26:32.038+0000] {logging_mixin.py:154} INFO - Data fetched containing 28 rows
[2024-10-06T19:26:32.039+0000] {logging_mixin.py:154} INFO - Data fetched containing 29 rows
[2024-10-06T19:26:32.040+0000] {logging_mixin.py:154} INFO - Data fetched containing 30 rows
[2024-10-06T19:26:32.041+0000] {logging_mixin.py:154} INFO - Data fetched containing 31 rows
[2024-10-06T19:26:32.042+0000] {logging_mixin.py:154} INFO - Data fetched containing 32 rows
[2024-10-06T19:26:32.043+0000] {logging_mixin.py:154} INFO - Data fetched containing 33 rows
[2024-10-06T19:26:32.044+0000] {logging_mixin.py:154} INFO - Data fetched containing 34 rows
[2024-10-06T19:26:32.046+0000] {logging_mixin.py:154} INFO - Data fetched containing 35 rows
[2024-10-06T19:26:32.047+0000] {logging_mixin.py:154} INFO - Data fetched containing 36 rows
[2024-10-06T19:26:32.048+0000] {logging_mixin.py:154} INFO - Data fetched containing 37 rows
[2024-10-06T19:26:32.049+0000] {logging_mixin.py:154} INFO - Data fetched containing 38 rows
[2024-10-06T19:26:32.050+0000] {logging_mixin.py:154} INFO - Data fetched containing 39 rows
[2024-10-06T19:26:32.051+0000] {logging_mixin.py:154} INFO - Data fetched containing 40 rows
[2024-10-06T19:26:32.051+0000] {logging_mixin.py:154} INFO - Data fetched containing 41 rows
[2024-10-06T19:26:32.053+0000] {logging_mixin.py:154} INFO - Data fetched containing 42 rows
[2024-10-06T19:26:32.054+0000] {logging_mixin.py:154} INFO - Data fetched containing 43 rows
[2024-10-06T19:26:32.055+0000] {logging_mixin.py:154} INFO - Data fetched containing 44 rows
[2024-10-06T19:26:32.055+0000] {logging_mixin.py:154} INFO - Data fetched containing 45 rows
[2024-10-06T19:26:32.057+0000] {logging_mixin.py:154} INFO - Data fetched containing 46 rows
[2024-10-06T19:26:32.058+0000] {logging_mixin.py:154} INFO - Data fetched containing 47 rows
[2024-10-06T19:26:32.059+0000] {logging_mixin.py:154} INFO - Data fetched containing 48 rows
[2024-10-06T19:26:32.060+0000] {logging_mixin.py:154} INFO - Data fetched containing 49 rows
[2024-10-06T19:26:32.062+0000] {logging_mixin.py:154} INFO - Data fetched containing 50 rows
[2024-10-06T19:26:32.063+0000] {logging_mixin.py:154} INFO - Data fetched containing 51 rows
[2024-10-06T19:26:32.064+0000] {logging_mixin.py:154} INFO - Data fetched containing 52 rows
[2024-10-06T19:26:32.065+0000] {logging_mixin.py:154} INFO - Data fetched containing 53 rows
[2024-10-06T19:26:32.065+0000] {logging_mixin.py:154} INFO - Data fetched containing 54 rows
[2024-10-06T19:26:32.067+0000] {logging_mixin.py:154} INFO - Data fetched containing 55 rows
[2024-10-06T19:26:32.068+0000] {logging_mixin.py:154} INFO - Data fetched containing 56 rows
[2024-10-06T19:26:32.069+0000] {logging_mixin.py:154} INFO - Data fetched containing 57 rows
[2024-10-06T19:26:32.070+0000] {logging_mixin.py:154} INFO - Data fetched containing 58 rows
[2024-10-06T19:26:32.071+0000] {logging_mixin.py:154} INFO - Data fetched containing 59 rows
[2024-10-06T19:26:32.072+0000] {logging_mixin.py:154} INFO - Data fetched containing 60 rows
[2024-10-06T19:26:32.073+0000] {logging_mixin.py:154} INFO - Data fetched containing 61 rows
[2024-10-06T19:26:32.074+0000] {logging_mixin.py:154} INFO - Data fetched containing 62 rows
[2024-10-06T19:26:32.074+0000] {logging_mixin.py:154} INFO - Data fetched containing 63 rows
[2024-10-06T19:26:32.075+0000] {logging_mixin.py:154} INFO - Data fetched containing 64 rows
[2024-10-06T19:26:32.077+0000] {logging_mixin.py:154} INFO - Data fetched containing 65 rows
[2024-10-06T19:26:32.078+0000] {logging_mixin.py:154} INFO - Data fetched containing 66 rows
[2024-10-06T19:26:32.079+0000] {logging_mixin.py:154} INFO - Data fetched containing 67 rows
[2024-10-06T19:26:32.080+0000] {logging_mixin.py:154} INFO - Data fetched containing 68 rows
[2024-10-06T19:26:32.081+0000] {logging_mixin.py:154} INFO - Data fetched containing 69 rows
[2024-10-06T19:26:32.082+0000] {logging_mixin.py:154} INFO - Data fetched containing 70 rows
[2024-10-06T19:26:32.083+0000] {logging_mixin.py:154} INFO - Data fetched containing 71 rows
[2024-10-06T19:26:32.084+0000] {logging_mixin.py:154} INFO - Data fetched containing 72 rows
[2024-10-06T19:26:32.085+0000] {logging_mixin.py:154} INFO - Data fetched containing 73 rows
[2024-10-06T19:26:32.086+0000] {logging_mixin.py:154} INFO - Data fetched containing 74 rows
[2024-10-06T19:26:32.087+0000] {logging_mixin.py:154} INFO - Data fetched containing 75 rows
[2024-10-06T19:26:32.088+0000] {logging_mixin.py:154} INFO - Data fetched containing 76 rows
[2024-10-06T19:26:32.089+0000] {logging_mixin.py:154} INFO - Data fetched containing 77 rows
[2024-10-06T19:26:32.090+0000] {logging_mixin.py:154} INFO - Data fetched containing 78 rows
[2024-10-06T19:26:32.091+0000] {logging_mixin.py:154} INFO - Data fetched containing 79 rows
[2024-10-06T19:26:32.092+0000] {logging_mixin.py:154} INFO - Data fetched containing 80 rows
[2024-10-06T19:26:32.093+0000] {logging_mixin.py:154} INFO - Data fetched containing 81 rows
[2024-10-06T19:26:32.094+0000] {logging_mixin.py:154} INFO - Data fetched containing 82 rows
[2024-10-06T19:26:32.095+0000] {logging_mixin.py:154} INFO - Data fetched containing 83 rows
[2024-10-06T19:26:32.096+0000] {logging_mixin.py:154} INFO - Data fetched containing 84 rows
[2024-10-06T19:26:32.097+0000] {logging_mixin.py:154} INFO - Data fetched containing 85 rows
[2024-10-06T19:26:32.098+0000] {logging_mixin.py:154} INFO - Data fetched containing 86 rows
[2024-10-06T19:26:32.099+0000] {logging_mixin.py:154} INFO - Data fetched containing 87 rows
[2024-10-06T19:26:32.100+0000] {logging_mixin.py:154} INFO - Data fetched containing 88 rows
[2024-10-06T19:26:32.102+0000] {logging_mixin.py:154} INFO - Data fetched containing 89 rows
[2024-10-06T19:26:32.103+0000] {logging_mixin.py:154} INFO - Data fetched containing 90 rows
[2024-10-06T19:26:32.104+0000] {logging_mixin.py:154} INFO - Data fetched containing 91 rows
[2024-10-06T19:26:32.105+0000] {logging_mixin.py:154} INFO - Data fetched containing 92 rows
[2024-10-06T19:26:32.106+0000] {logging_mixin.py:154} INFO - Data fetched containing 93 rows
[2024-10-06T19:26:32.107+0000] {logging_mixin.py:154} INFO - Data fetched containing 94 rows
[2024-10-06T19:26:32.108+0000] {logging_mixin.py:154} INFO - Data fetched containing 95 rows
[2024-10-06T19:26:32.109+0000] {logging_mixin.py:154} INFO - Data fetched containing 96 rows
[2024-10-06T19:26:32.110+0000] {logging_mixin.py:154} INFO - Data fetched containing 97 rows
[2024-10-06T19:26:32.111+0000] {logging_mixin.py:154} INFO - Data fetched containing 98 rows
[2024-10-06T19:26:32.112+0000] {logging_mixin.py:154} INFO - Data fetched containing 99 rows
[2024-10-06T19:26:32.113+0000] {logging_mixin.py:154} INFO - Data fetched containing 100 rows
[2024-10-06T19:26:32.114+0000] {python.py:194} INFO - Done. Returned value was:    flight_date flight_status  ...        airline_name flight_number
0   2024-10-07        active  ...            Oman Air          5559
1   2024-10-07        active  ...            AlphaSky          7349
2   2024-10-07        active  ...              Qantas           140
3   2024-10-07        active  ...     Air New Zealand           211
4   2024-10-07        active  ...     United Airlines          6795
..         ...           ...  ...                 ...           ...
95  2024-10-07        active  ...           T'Way Air           170
96  2024-10-07        active  ...                None          5912
97  2024-10-07        active  ...  Singapore Airlines          8564
98  2024-10-07        active  ...      Peach Aviation           898
99  2024-10-07        active  ...  Singapore Airlines           825

[100 rows x 9 columns]
[2024-10-06T19:26:32.177+0000] {taskinstance.py:1400} INFO - Marking task as SUCCESS. dag_id=flight_data_pipeline, task_id=fetch_flights_data, execution_date=20240211T000000, start_date=20241006T192627, end_date=20241006T192632
[2024-10-06T19:26:32.224+0000] {local_task_job_runner.py:228} INFO - Task exited with return code 0
[2024-10-06T19:26:32.251+0000] {taskinstance.py:2778} INFO - 1 downstream tasks scheduled from follow-on schedule check
