[2024-10-06T19:25:47.684+0000] {taskinstance.py:1159} INFO - Dependencies all met for dep_context=non-requeueable deps ti=<TaskInstance: flight_data_pipeline.fetch_flights_data scheduled__2024-02-08T00:00:00+00:00 [queued]>
[2024-10-06T19:25:47.694+0000] {taskinstance.py:1159} INFO - Dependencies all met for dep_context=requeueable deps ti=<TaskInstance: flight_data_pipeline.fetch_flights_data scheduled__2024-02-08T00:00:00+00:00 [queued]>
[2024-10-06T19:25:47.694+0000] {taskinstance.py:1361} INFO - Starting attempt 1 of 1
[2024-10-06T19:25:47.709+0000] {taskinstance.py:1382} INFO - Executing <Task(PythonOperator): fetch_flights_data> on 2024-02-08 00:00:00+00:00
[2024-10-06T19:25:47.715+0000] {standard_task_runner.py:57} INFO - Started process 84 to run task
[2024-10-06T19:25:47.719+0000] {standard_task_runner.py:84} INFO - Running: ['***', 'tasks', 'run', 'flight_data_pipeline', 'fetch_flights_data', 'scheduled__2024-02-08T00:00:00+00:00', '--job-id', '83', '--raw', '--subdir', 'DAGS_FOLDER/flights_dag.py', '--cfg-path', '/tmp/tmp8pxefmw7']
[2024-10-06T19:25:47.721+0000] {standard_task_runner.py:85} INFO - Job 83: Subtask fetch_flights_data
[2024-10-06T19:25:47.742+0000] {logging_mixin.py:154} WARNING - /home/***/.local/lib/python3.8/site-packages/***/settings.py:195 DeprecationWarning: The sql_alchemy_conn option in [core] has been moved to the sql_alchemy_conn option in [database] - the old setting has been used, but please update your config.
[2024-10-06T19:25:47.787+0000] {task_command.py:416} INFO - Running <TaskInstance: flight_data_pipeline.fetch_flights_data scheduled__2024-02-08T00:00:00+00:00 [running]> on host 4630f5888709
[2024-10-06T19:25:47.893+0000] {taskinstance.py:1662} INFO - Exporting env vars: AIRFLOW_CTX_DAG_OWNER='***' AIRFLOW_CTX_DAG_ID='flight_data_pipeline' AIRFLOW_CTX_TASK_ID='fetch_flights_data' AIRFLOW_CTX_EXECUTION_DATE='2024-02-08T00:00:00+00:00' AIRFLOW_CTX_TRY_NUMBER='1' AIRFLOW_CTX_DAG_RUN_ID='scheduled__2024-02-08T00:00:00+00:00'
[2024-10-06T19:25:52.658+0000] {logging_mixin.py:154} INFO - Data fetched containing 1 rows
[2024-10-06T19:25:52.659+0000] {logging_mixin.py:154} INFO - Data fetched containing 2 rows
[2024-10-06T19:25:52.660+0000] {logging_mixin.py:154} INFO - Data fetched containing 3 rows
[2024-10-06T19:25:52.661+0000] {logging_mixin.py:154} INFO - Data fetched containing 4 rows
[2024-10-06T19:25:52.662+0000] {logging_mixin.py:154} INFO - Data fetched containing 5 rows
[2024-10-06T19:25:52.663+0000] {logging_mixin.py:154} INFO - Data fetched containing 6 rows
[2024-10-06T19:25:52.664+0000] {logging_mixin.py:154} INFO - Data fetched containing 7 rows
[2024-10-06T19:25:52.666+0000] {logging_mixin.py:154} INFO - Data fetched containing 8 rows
[2024-10-06T19:25:52.667+0000] {logging_mixin.py:154} INFO - Data fetched containing 9 rows
[2024-10-06T19:25:52.668+0000] {logging_mixin.py:154} INFO - Data fetched containing 10 rows
[2024-10-06T19:25:52.669+0000] {logging_mixin.py:154} INFO - Data fetched containing 11 rows
[2024-10-06T19:25:52.670+0000] {logging_mixin.py:154} INFO - Data fetched containing 12 rows
[2024-10-06T19:25:52.671+0000] {logging_mixin.py:154} INFO - Data fetched containing 13 rows
[2024-10-06T19:25:52.672+0000] {logging_mixin.py:154} INFO - Data fetched containing 14 rows
[2024-10-06T19:25:52.673+0000] {logging_mixin.py:154} INFO - Data fetched containing 15 rows
[2024-10-06T19:25:52.674+0000] {logging_mixin.py:154} INFO - Data fetched containing 16 rows
[2024-10-06T19:25:52.676+0000] {logging_mixin.py:154} INFO - Data fetched containing 17 rows
[2024-10-06T19:25:52.677+0000] {logging_mixin.py:154} INFO - Data fetched containing 18 rows
[2024-10-06T19:25:52.678+0000] {logging_mixin.py:154} INFO - Data fetched containing 19 rows
[2024-10-06T19:25:52.679+0000] {logging_mixin.py:154} INFO - Data fetched containing 20 rows
[2024-10-06T19:25:52.680+0000] {logging_mixin.py:154} INFO - Data fetched containing 21 rows
[2024-10-06T19:25:52.681+0000] {logging_mixin.py:154} INFO - Data fetched containing 22 rows
[2024-10-06T19:25:52.682+0000] {logging_mixin.py:154} INFO - Data fetched containing 23 rows
[2024-10-06T19:25:52.683+0000] {logging_mixin.py:154} INFO - Data fetched containing 24 rows
[2024-10-06T19:25:52.684+0000] {logging_mixin.py:154} INFO - Data fetched containing 25 rows
[2024-10-06T19:25:52.686+0000] {logging_mixin.py:154} INFO - Data fetched containing 26 rows
[2024-10-06T19:25:52.687+0000] {logging_mixin.py:154} INFO - Data fetched containing 27 rows
[2024-10-06T19:25:52.688+0000] {logging_mixin.py:154} INFO - Data fetched containing 28 rows
[2024-10-06T19:25:52.689+0000] {logging_mixin.py:154} INFO - Data fetched containing 29 rows
[2024-10-06T19:25:52.690+0000] {logging_mixin.py:154} INFO - Data fetched containing 30 rows
[2024-10-06T19:25:52.691+0000] {logging_mixin.py:154} INFO - Data fetched containing 31 rows
[2024-10-06T19:25:52.692+0000] {logging_mixin.py:154} INFO - Data fetched containing 32 rows
[2024-10-06T19:25:52.693+0000] {logging_mixin.py:154} INFO - Data fetched containing 33 rows
[2024-10-06T19:25:52.694+0000] {logging_mixin.py:154} INFO - Data fetched containing 34 rows
[2024-10-06T19:25:52.695+0000] {logging_mixin.py:154} INFO - Data fetched containing 35 rows
[2024-10-06T19:25:52.696+0000] {logging_mixin.py:154} INFO - Data fetched containing 36 rows
[2024-10-06T19:25:52.697+0000] {logging_mixin.py:154} INFO - Data fetched containing 37 rows
[2024-10-06T19:25:52.698+0000] {logging_mixin.py:154} INFO - Data fetched containing 38 rows
[2024-10-06T19:25:52.699+0000] {logging_mixin.py:154} INFO - Data fetched containing 39 rows
[2024-10-06T19:25:52.700+0000] {logging_mixin.py:154} INFO - Data fetched containing 40 rows
[2024-10-06T19:25:52.701+0000] {logging_mixin.py:154} INFO - Data fetched containing 41 rows
[2024-10-06T19:25:52.702+0000] {logging_mixin.py:154} INFO - Data fetched containing 42 rows
[2024-10-06T19:25:52.703+0000] {logging_mixin.py:154} INFO - Data fetched containing 43 rows
[2024-10-06T19:25:52.704+0000] {logging_mixin.py:154} INFO - Data fetched containing 44 rows
[2024-10-06T19:25:52.705+0000] {logging_mixin.py:154} INFO - Data fetched containing 45 rows
[2024-10-06T19:25:52.706+0000] {logging_mixin.py:154} INFO - Data fetched containing 46 rows
[2024-10-06T19:25:52.707+0000] {logging_mixin.py:154} INFO - Data fetched containing 47 rows
[2024-10-06T19:25:52.707+0000] {logging_mixin.py:154} INFO - Data fetched containing 48 rows
[2024-10-06T19:25:52.709+0000] {logging_mixin.py:154} INFO - Data fetched containing 49 rows
[2024-10-06T19:25:52.710+0000] {logging_mixin.py:154} INFO - Data fetched containing 50 rows
[2024-10-06T19:25:52.710+0000] {logging_mixin.py:154} INFO - Data fetched containing 51 rows
[2024-10-06T19:25:52.711+0000] {logging_mixin.py:154} INFO - Data fetched containing 52 rows
[2024-10-06T19:25:52.712+0000] {logging_mixin.py:154} INFO - Data fetched containing 53 rows
[2024-10-06T19:25:52.713+0000] {logging_mixin.py:154} INFO - Data fetched containing 54 rows
[2024-10-06T19:25:52.714+0000] {logging_mixin.py:154} INFO - Data fetched containing 55 rows
[2024-10-06T19:25:52.715+0000] {logging_mixin.py:154} INFO - Data fetched containing 56 rows
[2024-10-06T19:25:52.716+0000] {logging_mixin.py:154} INFO - Data fetched containing 57 rows
[2024-10-06T19:25:52.717+0000] {logging_mixin.py:154} INFO - Data fetched containing 58 rows
[2024-10-06T19:25:52.718+0000] {logging_mixin.py:154} INFO - Data fetched containing 59 rows
[2024-10-06T19:25:52.719+0000] {logging_mixin.py:154} INFO - Data fetched containing 60 rows
[2024-10-06T19:25:52.720+0000] {logging_mixin.py:154} INFO - Data fetched containing 61 rows
[2024-10-06T19:25:52.721+0000] {logging_mixin.py:154} INFO - Data fetched containing 62 rows
[2024-10-06T19:25:52.721+0000] {logging_mixin.py:154} INFO - Data fetched containing 63 rows
[2024-10-06T19:25:52.722+0000] {logging_mixin.py:154} INFO - Data fetched containing 64 rows
[2024-10-06T19:25:52.723+0000] {logging_mixin.py:154} INFO - Data fetched containing 65 rows
[2024-10-06T19:25:52.724+0000] {logging_mixin.py:154} INFO - Data fetched containing 66 rows
[2024-10-06T19:25:52.725+0000] {logging_mixin.py:154} INFO - Data fetched containing 67 rows
[2024-10-06T19:25:52.726+0000] {logging_mixin.py:154} INFO - Data fetched containing 68 rows
[2024-10-06T19:25:52.727+0000] {logging_mixin.py:154} INFO - Data fetched containing 69 rows
[2024-10-06T19:25:52.727+0000] {logging_mixin.py:154} INFO - Data fetched containing 70 rows
[2024-10-06T19:25:52.728+0000] {logging_mixin.py:154} INFO - Data fetched containing 71 rows
[2024-10-06T19:25:52.729+0000] {logging_mixin.py:154} INFO - Data fetched containing 72 rows
[2024-10-06T19:25:52.730+0000] {logging_mixin.py:154} INFO - Data fetched containing 73 rows
[2024-10-06T19:25:52.730+0000] {logging_mixin.py:154} INFO - Data fetched containing 74 rows
[2024-10-06T19:25:52.731+0000] {logging_mixin.py:154} INFO - Data fetched containing 75 rows
[2024-10-06T19:25:52.732+0000] {logging_mixin.py:154} INFO - Data fetched containing 76 rows
[2024-10-06T19:25:52.733+0000] {logging_mixin.py:154} INFO - Data fetched containing 77 rows
[2024-10-06T19:25:52.733+0000] {logging_mixin.py:154} INFO - Data fetched containing 78 rows
[2024-10-06T19:25:52.734+0000] {logging_mixin.py:154} INFO - Data fetched containing 79 rows
[2024-10-06T19:25:52.735+0000] {logging_mixin.py:154} INFO - Data fetched containing 80 rows
[2024-10-06T19:25:52.736+0000] {logging_mixin.py:154} INFO - Data fetched containing 81 rows
[2024-10-06T19:25:52.737+0000] {logging_mixin.py:154} INFO - Data fetched containing 82 rows
[2024-10-06T19:25:52.737+0000] {logging_mixin.py:154} INFO - Data fetched containing 83 rows
[2024-10-06T19:25:52.738+0000] {logging_mixin.py:154} INFO - Data fetched containing 84 rows
[2024-10-06T19:25:52.739+0000] {logging_mixin.py:154} INFO - Data fetched containing 85 rows
[2024-10-06T19:25:52.740+0000] {logging_mixin.py:154} INFO - Data fetched containing 86 rows
[2024-10-06T19:25:52.740+0000] {logging_mixin.py:154} INFO - Data fetched containing 87 rows
[2024-10-06T19:25:52.741+0000] {logging_mixin.py:154} INFO - Data fetched containing 88 rows
[2024-10-06T19:25:52.742+0000] {logging_mixin.py:154} INFO - Data fetched containing 89 rows
[2024-10-06T19:25:52.743+0000] {logging_mixin.py:154} INFO - Data fetched containing 90 rows
[2024-10-06T19:25:52.744+0000] {logging_mixin.py:154} INFO - Data fetched containing 91 rows
[2024-10-06T19:25:52.745+0000] {logging_mixin.py:154} INFO - Data fetched containing 92 rows
[2024-10-06T19:25:52.746+0000] {logging_mixin.py:154} INFO - Data fetched containing 93 rows
[2024-10-06T19:25:52.747+0000] {logging_mixin.py:154} INFO - Data fetched containing 94 rows
[2024-10-06T19:25:52.747+0000] {logging_mixin.py:154} INFO - Data fetched containing 95 rows
[2024-10-06T19:25:52.749+0000] {logging_mixin.py:154} INFO - Data fetched containing 96 rows
[2024-10-06T19:25:52.750+0000] {logging_mixin.py:154} INFO - Data fetched containing 97 rows
[2024-10-06T19:25:52.751+0000] {logging_mixin.py:154} INFO - Data fetched containing 98 rows
[2024-10-06T19:25:52.752+0000] {logging_mixin.py:154} INFO - Data fetched containing 99 rows
[2024-10-06T19:25:52.753+0000] {logging_mixin.py:154} INFO - Data fetched containing 100 rows
[2024-10-06T19:25:52.754+0000] {python.py:194} INFO - Done. Returned value was:    flight_date flight_status  ...        airline_name flight_number
0   2024-10-07        active  ...            Oman Air          5559
1   2024-10-07        active  ...            AlphaSky          7349
2   2024-10-07        active  ...              Qantas           140
3   2024-10-07        active  ...     Air New Zealand           211
4   2024-10-07        active  ...     United Airlines          6795
..         ...           ...  ...                 ...           ...
95  2024-10-07        active  ...           T'Way Air           170
96  2024-10-07        active  ...                None          5912
97  2024-10-07        active  ...  Singapore Airlines          8564
98  2024-10-07        active  ...      Peach Aviation           898
99  2024-10-07        active  ...  Singapore Airlines           825

[100 rows x 9 columns]
[2024-10-06T19:25:52.817+0000] {taskinstance.py:1400} INFO - Marking task as SUCCESS. dag_id=flight_data_pipeline, task_id=fetch_flights_data, execution_date=20240208T000000, start_date=20241006T192547, end_date=20241006T192552
[2024-10-06T19:25:52.860+0000] {local_task_job_runner.py:228} INFO - Task exited with return code 0
[2024-10-06T19:25:52.883+0000] {taskinstance.py:2778} INFO - 1 downstream tasks scheduled from follow-on schedule check
