[2024-10-06T19:26:06.238+0000] {taskinstance.py:1159} INFO - Dependencies all met for dep_context=non-requeueable deps ti=<TaskInstance: flight_data_pipeline.fetch_flights_data scheduled__2024-02-09T00:00:00+00:00 [queued]>
[2024-10-06T19:26:06.248+0000] {taskinstance.py:1159} INFO - Dependencies all met for dep_context=requeueable deps ti=<TaskInstance: flight_data_pipeline.fetch_flights_data scheduled__2024-02-09T00:00:00+00:00 [queued]>
[2024-10-06T19:26:06.249+0000] {taskinstance.py:1361} INFO - Starting attempt 1 of 1
[2024-10-06T19:26:06.265+0000] {taskinstance.py:1382} INFO - Executing <Task(PythonOperator): fetch_flights_data> on 2024-02-09 00:00:00+00:00
[2024-10-06T19:26:06.270+0000] {standard_task_runner.py:57} INFO - Started process 153 to run task
[2024-10-06T19:26:06.277+0000] {standard_task_runner.py:84} INFO - Running: ['***', 'tasks', 'run', 'flight_data_pipeline', 'fetch_flights_data', 'scheduled__2024-02-09T00:00:00+00:00', '--job-id', '86', '--raw', '--subdir', 'DAGS_FOLDER/flights_dag.py', '--cfg-path', '/tmp/tmpfv6yvd__']
[2024-10-06T19:26:06.281+0000] {standard_task_runner.py:85} INFO - Job 86: Subtask fetch_flights_data
[2024-10-06T19:26:06.309+0000] {logging_mixin.py:154} WARNING - /home/***/.local/lib/python3.8/site-packages/***/settings.py:195 DeprecationWarning: The sql_alchemy_conn option in [core] has been moved to the sql_alchemy_conn option in [database] - the old setting has been used, but please update your config.
[2024-10-06T19:26:06.366+0000] {task_command.py:416} INFO - Running <TaskInstance: flight_data_pipeline.fetch_flights_data scheduled__2024-02-09T00:00:00+00:00 [running]> on host 4630f5888709
[2024-10-06T19:26:06.466+0000] {taskinstance.py:1662} INFO - Exporting env vars: AIRFLOW_CTX_DAG_OWNER='***' AIRFLOW_CTX_DAG_ID='flight_data_pipeline' AIRFLOW_CTX_TASK_ID='fetch_flights_data' AIRFLOW_CTX_EXECUTION_DATE='2024-02-09T00:00:00+00:00' AIRFLOW_CTX_TRY_NUMBER='1' AIRFLOW_CTX_DAG_RUN_ID='scheduled__2024-02-09T00:00:00+00:00'
[2024-10-06T19:26:11.206+0000] {logging_mixin.py:154} INFO - Data fetched containing 1 rows
[2024-10-06T19:26:11.207+0000] {logging_mixin.py:154} INFO - Data fetched containing 2 rows
[2024-10-06T19:26:11.208+0000] {logging_mixin.py:154} INFO - Data fetched containing 3 rows
[2024-10-06T19:26:11.208+0000] {logging_mixin.py:154} INFO - Data fetched containing 4 rows
[2024-10-06T19:26:11.209+0000] {logging_mixin.py:154} INFO - Data fetched containing 5 rows
[2024-10-06T19:26:11.210+0000] {logging_mixin.py:154} INFO - Data fetched containing 6 rows
[2024-10-06T19:26:11.211+0000] {logging_mixin.py:154} INFO - Data fetched containing 7 rows
[2024-10-06T19:26:11.212+0000] {logging_mixin.py:154} INFO - Data fetched containing 8 rows
[2024-10-06T19:26:11.213+0000] {logging_mixin.py:154} INFO - Data fetched containing 9 rows
[2024-10-06T19:26:11.213+0000] {logging_mixin.py:154} INFO - Data fetched containing 10 rows
[2024-10-06T19:26:11.214+0000] {logging_mixin.py:154} INFO - Data fetched containing 11 rows
[2024-10-06T19:26:11.215+0000] {logging_mixin.py:154} INFO - Data fetched containing 12 rows
[2024-10-06T19:26:11.216+0000] {logging_mixin.py:154} INFO - Data fetched containing 13 rows
[2024-10-06T19:26:11.216+0000] {logging_mixin.py:154} INFO - Data fetched containing 14 rows
[2024-10-06T19:26:11.217+0000] {logging_mixin.py:154} INFO - Data fetched containing 15 rows
[2024-10-06T19:26:11.218+0000] {logging_mixin.py:154} INFO - Data fetched containing 16 rows
[2024-10-06T19:26:11.219+0000] {logging_mixin.py:154} INFO - Data fetched containing 17 rows
[2024-10-06T19:26:11.220+0000] {logging_mixin.py:154} INFO - Data fetched containing 18 rows
[2024-10-06T19:26:11.220+0000] {logging_mixin.py:154} INFO - Data fetched containing 19 rows
[2024-10-06T19:26:11.221+0000] {logging_mixin.py:154} INFO - Data fetched containing 20 rows
[2024-10-06T19:26:11.222+0000] {logging_mixin.py:154} INFO - Data fetched containing 21 rows
[2024-10-06T19:26:11.223+0000] {logging_mixin.py:154} INFO - Data fetched containing 22 rows
[2024-10-06T19:26:11.223+0000] {logging_mixin.py:154} INFO - Data fetched containing 23 rows
[2024-10-06T19:26:11.224+0000] {logging_mixin.py:154} INFO - Data fetched containing 24 rows
[2024-10-06T19:26:11.225+0000] {logging_mixin.py:154} INFO - Data fetched containing 25 rows
[2024-10-06T19:26:11.226+0000] {logging_mixin.py:154} INFO - Data fetched containing 26 rows
[2024-10-06T19:26:11.227+0000] {logging_mixin.py:154} INFO - Data fetched containing 27 rows
[2024-10-06T19:26:11.228+0000] {logging_mixin.py:154} INFO - Data fetched containing 28 rows
[2024-10-06T19:26:11.228+0000] {logging_mixin.py:154} INFO - Data fetched containing 29 rows
[2024-10-06T19:26:11.229+0000] {logging_mixin.py:154} INFO - Data fetched containing 30 rows
[2024-10-06T19:26:11.230+0000] {logging_mixin.py:154} INFO - Data fetched containing 31 rows
[2024-10-06T19:26:11.232+0000] {logging_mixin.py:154} INFO - Data fetched containing 32 rows
[2024-10-06T19:26:11.233+0000] {logging_mixin.py:154} INFO - Data fetched containing 33 rows
[2024-10-06T19:26:11.235+0000] {logging_mixin.py:154} INFO - Data fetched containing 34 rows
[2024-10-06T19:26:11.236+0000] {logging_mixin.py:154} INFO - Data fetched containing 35 rows
[2024-10-06T19:26:11.237+0000] {logging_mixin.py:154} INFO - Data fetched containing 36 rows
[2024-10-06T19:26:11.237+0000] {logging_mixin.py:154} INFO - Data fetched containing 37 rows
[2024-10-06T19:26:11.238+0000] {logging_mixin.py:154} INFO - Data fetched containing 38 rows
[2024-10-06T19:26:11.239+0000] {logging_mixin.py:154} INFO - Data fetched containing 39 rows
[2024-10-06T19:26:11.240+0000] {logging_mixin.py:154} INFO - Data fetched containing 40 rows
[2024-10-06T19:26:11.241+0000] {logging_mixin.py:154} INFO - Data fetched containing 41 rows
[2024-10-06T19:26:11.242+0000] {logging_mixin.py:154} INFO - Data fetched containing 42 rows
[2024-10-06T19:26:11.244+0000] {logging_mixin.py:154} INFO - Data fetched containing 43 rows
[2024-10-06T19:26:11.244+0000] {logging_mixin.py:154} INFO - Data fetched containing 44 rows
[2024-10-06T19:26:11.245+0000] {logging_mixin.py:154} INFO - Data fetched containing 45 rows
[2024-10-06T19:26:11.246+0000] {logging_mixin.py:154} INFO - Data fetched containing 46 rows
[2024-10-06T19:26:11.247+0000] {logging_mixin.py:154} INFO - Data fetched containing 47 rows
[2024-10-06T19:26:11.248+0000] {logging_mixin.py:154} INFO - Data fetched containing 48 rows
[2024-10-06T19:26:11.249+0000] {logging_mixin.py:154} INFO - Data fetched containing 49 rows
[2024-10-06T19:26:11.250+0000] {logging_mixin.py:154} INFO - Data fetched containing 50 rows
[2024-10-06T19:26:11.252+0000] {logging_mixin.py:154} INFO - Data fetched containing 51 rows
[2024-10-06T19:26:11.253+0000] {logging_mixin.py:154} INFO - Data fetched containing 52 rows
[2024-10-06T19:26:11.254+0000] {logging_mixin.py:154} INFO - Data fetched containing 53 rows
[2024-10-06T19:26:11.255+0000] {logging_mixin.py:154} INFO - Data fetched containing 54 rows
[2024-10-06T19:26:11.256+0000] {logging_mixin.py:154} INFO - Data fetched containing 55 rows
[2024-10-06T19:26:11.258+0000] {logging_mixin.py:154} INFO - Data fetched containing 56 rows
[2024-10-06T19:26:11.260+0000] {logging_mixin.py:154} INFO - Data fetched containing 57 rows
[2024-10-06T19:26:11.261+0000] {logging_mixin.py:154} INFO - Data fetched containing 58 rows
[2024-10-06T19:26:11.263+0000] {logging_mixin.py:154} INFO - Data fetched containing 59 rows
[2024-10-06T19:26:11.266+0000] {logging_mixin.py:154} INFO - Data fetched containing 60 rows
[2024-10-06T19:26:11.267+0000] {logging_mixin.py:154} INFO - Data fetched containing 61 rows
[2024-10-06T19:26:11.271+0000] {logging_mixin.py:154} INFO - Data fetched containing 62 rows
[2024-10-06T19:26:11.276+0000] {logging_mixin.py:154} INFO - Data fetched containing 63 rows
[2024-10-06T19:26:11.279+0000] {logging_mixin.py:154} INFO - Data fetched containing 64 rows
[2024-10-06T19:26:11.283+0000] {logging_mixin.py:154} INFO - Data fetched containing 65 rows
[2024-10-06T19:26:11.287+0000] {logging_mixin.py:154} INFO - Data fetched containing 66 rows
[2024-10-06T19:26:11.290+0000] {logging_mixin.py:154} INFO - Data fetched containing 67 rows
[2024-10-06T19:26:11.292+0000] {logging_mixin.py:154} INFO - Data fetched containing 68 rows
[2024-10-06T19:26:11.297+0000] {logging_mixin.py:154} INFO - Data fetched containing 69 rows
[2024-10-06T19:26:11.298+0000] {logging_mixin.py:154} INFO - Data fetched containing 70 rows
[2024-10-06T19:26:11.300+0000] {logging_mixin.py:154} INFO - Data fetched containing 71 rows
[2024-10-06T19:26:11.302+0000] {logging_mixin.py:154} INFO - Data fetched containing 72 rows
[2024-10-06T19:26:11.354+0000] {logging_mixin.py:154} INFO - Data fetched containing 73 rows
[2024-10-06T19:26:11.370+0000] {logging_mixin.py:154} INFO - Data fetched containing 74 rows
[2024-10-06T19:26:11.372+0000] {logging_mixin.py:154} INFO - Data fetched containing 75 rows
[2024-10-06T19:26:11.374+0000] {logging_mixin.py:154} INFO - Data fetched containing 76 rows
[2024-10-06T19:26:11.376+0000] {logging_mixin.py:154} INFO - Data fetched containing 77 rows
[2024-10-06T19:26:11.379+0000] {logging_mixin.py:154} INFO - Data fetched containing 78 rows
[2024-10-06T19:26:11.381+0000] {logging_mixin.py:154} INFO - Data fetched containing 79 rows
[2024-10-06T19:26:11.383+0000] {logging_mixin.py:154} INFO - Data fetched containing 80 rows
[2024-10-06T19:26:11.385+0000] {logging_mixin.py:154} INFO - Data fetched containing 81 rows
[2024-10-06T19:26:11.387+0000] {logging_mixin.py:154} INFO - Data fetched containing 82 rows
[2024-10-06T19:26:11.390+0000] {logging_mixin.py:154} INFO - Data fetched containing 83 rows
[2024-10-06T19:26:11.402+0000] {logging_mixin.py:154} INFO - Data fetched containing 84 rows
[2024-10-06T19:26:11.404+0000] {logging_mixin.py:154} INFO - Data fetched containing 85 rows
[2024-10-06T19:26:11.405+0000] {logging_mixin.py:154} INFO - Data fetched containing 86 rows
[2024-10-06T19:26:11.407+0000] {logging_mixin.py:154} INFO - Data fetched containing 87 rows
[2024-10-06T19:26:11.409+0000] {logging_mixin.py:154} INFO - Data fetched containing 88 rows
[2024-10-06T19:26:11.411+0000] {logging_mixin.py:154} INFO - Data fetched containing 89 rows
[2024-10-06T19:26:11.414+0000] {logging_mixin.py:154} INFO - Data fetched containing 90 rows
[2024-10-06T19:26:11.415+0000] {logging_mixin.py:154} INFO - Data fetched containing 91 rows
[2024-10-06T19:26:11.416+0000] {logging_mixin.py:154} INFO - Data fetched containing 92 rows
[2024-10-06T19:26:11.418+0000] {logging_mixin.py:154} INFO - Data fetched containing 93 rows
[2024-10-06T19:26:11.420+0000] {logging_mixin.py:154} INFO - Data fetched containing 94 rows
[2024-10-06T19:26:11.422+0000] {logging_mixin.py:154} INFO - Data fetched containing 95 rows
[2024-10-06T19:26:11.424+0000] {logging_mixin.py:154} INFO - Data fetched containing 96 rows
[2024-10-06T19:26:11.425+0000] {logging_mixin.py:154} INFO - Data fetched containing 97 rows
[2024-10-06T19:26:11.427+0000] {logging_mixin.py:154} INFO - Data fetched containing 98 rows
[2024-10-06T19:26:11.429+0000] {logging_mixin.py:154} INFO - Data fetched containing 99 rows
[2024-10-06T19:26:11.430+0000] {logging_mixin.py:154} INFO - Data fetched containing 100 rows
[2024-10-06T19:26:11.432+0000] {python.py:194} INFO - Done. Returned value was:    flight_date flight_status  ...        airline_name flight_number
0   2024-10-07        active  ...            Oman Air          5559
1   2024-10-07        active  ...            AlphaSky          7349
2   2024-10-07        active  ...              Qantas           140
3   2024-10-07        active  ...     Air New Zealand           211
4   2024-10-07        active  ...     United Airlines          6795
..         ...           ...  ...                 ...           ...
95  2024-10-07        active  ...                None          4199
96  2024-10-07        active  ...           T'Way Air           170
97  2024-10-07        active  ...                None          5912
98  2024-10-07        active  ...  Singapore Airlines          8564
99  2024-10-07        active  ...      Peach Aviation           898

[100 rows x 9 columns]
[2024-10-06T19:26:11.530+0000] {taskinstance.py:1400} INFO - Marking task as SUCCESS. dag_id=flight_data_pipeline, task_id=fetch_flights_data, execution_date=20240209T000000, start_date=20241006T192606, end_date=20241006T192611
[2024-10-06T19:26:11.592+0000] {local_task_job_runner.py:228} INFO - Task exited with return code 0
[2024-10-06T19:26:11.657+0000] {taskinstance.py:2778} INFO - 1 downstream tasks scheduled from follow-on schedule check
