[2024-10-06T19:33:37.251+0000] {taskinstance.py:1159} INFO - Dependencies all met for dep_context=non-requeueable deps ti=<TaskInstance: flight_data_pipeline.fetch_flights_data scheduled__2024-10-05T00:00:00+00:00 [queued]>
[2024-10-06T19:33:37.261+0000] {taskinstance.py:1159} INFO - Dependencies all met for dep_context=requeueable deps ti=<TaskInstance: flight_data_pipeline.fetch_flights_data scheduled__2024-10-05T00:00:00+00:00 [queued]>
[2024-10-06T19:33:37.262+0000] {taskinstance.py:1361} INFO - Starting attempt 2 of 2
[2024-10-06T19:33:37.277+0000] {taskinstance.py:1382} INFO - Executing <Task(PythonOperator): fetch_flights_data> on 2024-10-05 00:00:00+00:00
[2024-10-06T19:33:37.281+0000] {standard_task_runner.py:57} INFO - Started process 137 to run task
[2024-10-06T19:33:37.286+0000] {standard_task_runner.py:84} INFO - Running: ['***', 'tasks', 'run', 'flight_data_pipeline', 'fetch_flights_data', 'scheduled__2024-10-05T00:00:00+00:00', '--job-id', '97', '--raw', '--subdir', 'DAGS_FOLDER/flights_dag.py', '--cfg-path', '/tmp/tmpd6gcrmep']
[2024-10-06T19:33:37.288+0000] {standard_task_runner.py:85} INFO - Job 97: Subtask fetch_flights_data
[2024-10-06T19:33:37.308+0000] {logging_mixin.py:154} WARNING - /home/***/.local/lib/python3.8/site-packages/***/settings.py:195 DeprecationWarning: The sql_alchemy_conn option in [core] has been moved to the sql_alchemy_conn option in [database] - the old setting has been used, but please update your config.
[2024-10-06T19:33:37.355+0000] {task_command.py:416} INFO - Running <TaskInstance: flight_data_pipeline.fetch_flights_data scheduled__2024-10-05T00:00:00+00:00 [running]> on host 77c4bc1a80e9
[2024-10-06T19:33:37.454+0000] {taskinstance.py:1662} INFO - Exporting env vars: AIRFLOW_CTX_DAG_OWNER='***' AIRFLOW_CTX_DAG_ID='flight_data_pipeline' AIRFLOW_CTX_TASK_ID='fetch_flights_data' AIRFLOW_CTX_EXECUTION_DATE='2024-10-05T00:00:00+00:00' AIRFLOW_CTX_TRY_NUMBER='2' AIRFLOW_CTX_DAG_RUN_ID='scheduled__2024-10-05T00:00:00+00:00'
[2024-10-06T19:33:42.718+0000] {logging_mixin.py:154} INFO - Data fetched containing 1 rows
[2024-10-06T19:33:42.719+0000] {logging_mixin.py:154} INFO - Data fetched containing 2 rows
[2024-10-06T19:33:42.720+0000] {logging_mixin.py:154} INFO - Data fetched containing 3 rows
[2024-10-06T19:33:42.721+0000] {logging_mixin.py:154} INFO - Data fetched containing 4 rows
[2024-10-06T19:33:42.723+0000] {logging_mixin.py:154} INFO - Data fetched containing 5 rows
[2024-10-06T19:33:42.724+0000] {logging_mixin.py:154} INFO - Data fetched containing 6 rows
[2024-10-06T19:33:42.725+0000] {logging_mixin.py:154} INFO - Data fetched containing 7 rows
[2024-10-06T19:33:42.726+0000] {logging_mixin.py:154} INFO - Data fetched containing 8 rows
[2024-10-06T19:33:42.727+0000] {logging_mixin.py:154} INFO - Data fetched containing 9 rows
[2024-10-06T19:33:42.728+0000] {logging_mixin.py:154} INFO - Data fetched containing 10 rows
[2024-10-06T19:33:42.729+0000] {logging_mixin.py:154} INFO - Data fetched containing 11 rows
[2024-10-06T19:33:42.730+0000] {logging_mixin.py:154} INFO - Data fetched containing 12 rows
[2024-10-06T19:33:42.731+0000] {logging_mixin.py:154} INFO - Data fetched containing 13 rows
[2024-10-06T19:33:42.732+0000] {logging_mixin.py:154} INFO - Data fetched containing 14 rows
[2024-10-06T19:33:42.733+0000] {logging_mixin.py:154} INFO - Data fetched containing 15 rows
[2024-10-06T19:33:42.734+0000] {logging_mixin.py:154} INFO - Data fetched containing 16 rows
[2024-10-06T19:33:42.735+0000] {logging_mixin.py:154} INFO - Data fetched containing 17 rows
[2024-10-06T19:33:42.735+0000] {logging_mixin.py:154} INFO - Data fetched containing 18 rows
[2024-10-06T19:33:42.737+0000] {logging_mixin.py:154} INFO - Data fetched containing 19 rows
[2024-10-06T19:33:42.737+0000] {logging_mixin.py:154} INFO - Data fetched containing 20 rows
[2024-10-06T19:33:42.738+0000] {logging_mixin.py:154} INFO - Data fetched containing 21 rows
[2024-10-06T19:33:42.739+0000] {logging_mixin.py:154} INFO - Data fetched containing 22 rows
[2024-10-06T19:33:42.740+0000] {logging_mixin.py:154} INFO - Data fetched containing 23 rows
[2024-10-06T19:33:42.741+0000] {logging_mixin.py:154} INFO - Data fetched containing 24 rows
[2024-10-06T19:33:42.742+0000] {logging_mixin.py:154} INFO - Data fetched containing 25 rows
[2024-10-06T19:33:42.743+0000] {logging_mixin.py:154} INFO - Data fetched containing 26 rows
[2024-10-06T19:33:42.743+0000] {logging_mixin.py:154} INFO - Data fetched containing 27 rows
[2024-10-06T19:33:42.744+0000] {logging_mixin.py:154} INFO - Data fetched containing 28 rows
[2024-10-06T19:33:42.745+0000] {logging_mixin.py:154} INFO - Data fetched containing 29 rows
[2024-10-06T19:33:42.746+0000] {logging_mixin.py:154} INFO - Data fetched containing 30 rows
[2024-10-06T19:33:42.746+0000] {logging_mixin.py:154} INFO - Data fetched containing 31 rows
[2024-10-06T19:33:42.747+0000] {logging_mixin.py:154} INFO - Data fetched containing 32 rows
[2024-10-06T19:33:42.748+0000] {logging_mixin.py:154} INFO - Data fetched containing 33 rows
[2024-10-06T19:33:42.748+0000] {logging_mixin.py:154} INFO - Data fetched containing 34 rows
[2024-10-06T19:33:42.749+0000] {logging_mixin.py:154} INFO - Data fetched containing 35 rows
[2024-10-06T19:33:42.750+0000] {logging_mixin.py:154} INFO - Data fetched containing 36 rows
[2024-10-06T19:33:42.751+0000] {logging_mixin.py:154} INFO - Data fetched containing 37 rows
[2024-10-06T19:33:42.751+0000] {logging_mixin.py:154} INFO - Data fetched containing 38 rows
[2024-10-06T19:33:42.752+0000] {logging_mixin.py:154} INFO - Data fetched containing 39 rows
[2024-10-06T19:33:42.753+0000] {logging_mixin.py:154} INFO - Data fetched containing 40 rows
[2024-10-06T19:33:42.754+0000] {logging_mixin.py:154} INFO - Data fetched containing 41 rows
[2024-10-06T19:33:42.755+0000] {logging_mixin.py:154} INFO - Data fetched containing 42 rows
[2024-10-06T19:33:42.755+0000] {logging_mixin.py:154} INFO - Data fetched containing 43 rows
[2024-10-06T19:33:42.756+0000] {logging_mixin.py:154} INFO - Data fetched containing 44 rows
[2024-10-06T19:33:42.757+0000] {logging_mixin.py:154} INFO - Data fetched containing 45 rows
[2024-10-06T19:33:42.758+0000] {logging_mixin.py:154} INFO - Data fetched containing 46 rows
[2024-10-06T19:33:42.758+0000] {logging_mixin.py:154} INFO - Data fetched containing 47 rows
[2024-10-06T19:33:42.759+0000] {logging_mixin.py:154} INFO - Data fetched containing 48 rows
[2024-10-06T19:33:42.760+0000] {logging_mixin.py:154} INFO - Data fetched containing 49 rows
[2024-10-06T19:33:42.761+0000] {logging_mixin.py:154} INFO - Data fetched containing 50 rows
[2024-10-06T19:33:42.761+0000] {logging_mixin.py:154} INFO - Data fetched containing 51 rows
[2024-10-06T19:33:42.762+0000] {logging_mixin.py:154} INFO - Data fetched containing 52 rows
[2024-10-06T19:33:42.763+0000] {logging_mixin.py:154} INFO - Data fetched containing 53 rows
[2024-10-06T19:33:42.764+0000] {logging_mixin.py:154} INFO - Data fetched containing 54 rows
[2024-10-06T19:33:42.764+0000] {logging_mixin.py:154} INFO - Data fetched containing 55 rows
[2024-10-06T19:33:42.765+0000] {logging_mixin.py:154} INFO - Data fetched containing 56 rows
[2024-10-06T19:33:42.766+0000] {logging_mixin.py:154} INFO - Data fetched containing 57 rows
[2024-10-06T19:33:42.767+0000] {logging_mixin.py:154} INFO - Data fetched containing 58 rows
[2024-10-06T19:33:42.767+0000] {logging_mixin.py:154} INFO - Data fetched containing 59 rows
[2024-10-06T19:33:42.768+0000] {logging_mixin.py:154} INFO - Data fetched containing 60 rows
[2024-10-06T19:33:42.769+0000] {logging_mixin.py:154} INFO - Data fetched containing 61 rows
[2024-10-06T19:33:42.770+0000] {logging_mixin.py:154} INFO - Data fetched containing 62 rows
[2024-10-06T19:33:42.771+0000] {logging_mixin.py:154} INFO - Data fetched containing 63 rows
[2024-10-06T19:33:42.771+0000] {logging_mixin.py:154} INFO - Data fetched containing 64 rows
[2024-10-06T19:33:42.772+0000] {logging_mixin.py:154} INFO - Data fetched containing 65 rows
[2024-10-06T19:33:42.773+0000] {logging_mixin.py:154} INFO - Data fetched containing 66 rows
[2024-10-06T19:33:42.774+0000] {logging_mixin.py:154} INFO - Data fetched containing 67 rows
[2024-10-06T19:33:42.775+0000] {logging_mixin.py:154} INFO - Data fetched containing 68 rows
[2024-10-06T19:33:42.775+0000] {logging_mixin.py:154} INFO - Data fetched containing 69 rows
[2024-10-06T19:33:42.776+0000] {logging_mixin.py:154} INFO - Data fetched containing 70 rows
[2024-10-06T19:33:42.777+0000] {logging_mixin.py:154} INFO - Data fetched containing 71 rows
[2024-10-06T19:33:42.778+0000] {logging_mixin.py:154} INFO - Data fetched containing 72 rows
[2024-10-06T19:33:42.778+0000] {logging_mixin.py:154} INFO - Data fetched containing 73 rows
[2024-10-06T19:33:42.779+0000] {logging_mixin.py:154} INFO - Data fetched containing 74 rows
[2024-10-06T19:33:42.780+0000] {logging_mixin.py:154} INFO - Data fetched containing 75 rows
[2024-10-06T19:33:42.781+0000] {logging_mixin.py:154} INFO - Data fetched containing 76 rows
[2024-10-06T19:33:42.781+0000] {logging_mixin.py:154} INFO - Data fetched containing 77 rows
[2024-10-06T19:33:42.782+0000] {logging_mixin.py:154} INFO - Data fetched containing 78 rows
[2024-10-06T19:33:42.783+0000] {logging_mixin.py:154} INFO - Data fetched containing 79 rows
[2024-10-06T19:33:42.784+0000] {logging_mixin.py:154} INFO - Data fetched containing 80 rows
[2024-10-06T19:33:42.784+0000] {logging_mixin.py:154} INFO - Data fetched containing 81 rows
[2024-10-06T19:33:42.785+0000] {logging_mixin.py:154} INFO - Data fetched containing 82 rows
[2024-10-06T19:33:42.786+0000] {logging_mixin.py:154} INFO - Data fetched containing 83 rows
[2024-10-06T19:33:42.787+0000] {logging_mixin.py:154} INFO - Data fetched containing 84 rows
[2024-10-06T19:33:42.788+0000] {logging_mixin.py:154} INFO - Data fetched containing 85 rows
[2024-10-06T19:33:42.789+0000] {logging_mixin.py:154} INFO - Data fetched containing 86 rows
[2024-10-06T19:33:42.789+0000] {logging_mixin.py:154} INFO - Data fetched containing 87 rows
[2024-10-06T19:33:42.790+0000] {logging_mixin.py:154} INFO - Data fetched containing 88 rows
[2024-10-06T19:33:42.791+0000] {logging_mixin.py:154} INFO - Data fetched containing 89 rows
[2024-10-06T19:33:42.792+0000] {logging_mixin.py:154} INFO - Data fetched containing 90 rows
[2024-10-06T19:33:42.793+0000] {logging_mixin.py:154} INFO - Data fetched containing 91 rows
[2024-10-06T19:33:42.793+0000] {logging_mixin.py:154} INFO - Data fetched containing 92 rows
[2024-10-06T19:33:42.794+0000] {logging_mixin.py:154} INFO - Data fetched containing 93 rows
[2024-10-06T19:33:42.795+0000] {logging_mixin.py:154} INFO - Data fetched containing 94 rows
[2024-10-06T19:33:42.796+0000] {logging_mixin.py:154} INFO - Data fetched containing 95 rows
[2024-10-06T19:33:42.797+0000] {logging_mixin.py:154} INFO - Data fetched containing 96 rows
[2024-10-06T19:33:42.798+0000] {logging_mixin.py:154} INFO - Data fetched containing 97 rows
[2024-10-06T19:33:42.799+0000] {logging_mixin.py:154} INFO - Data fetched containing 98 rows
[2024-10-06T19:33:42.800+0000] {logging_mixin.py:154} INFO - Data fetched containing 99 rows
[2024-10-06T19:33:42.800+0000] {logging_mixin.py:154} INFO - Data fetched containing 100 rows
[2024-10-06T19:33:42.802+0000] {python.py:194} INFO - Done. Returned value was:    flight_date flight_status  ...        airline_name flight_number
0   2024-10-07        active  ...            Oman Air          5559
1   2024-10-07        active  ...            AlphaSky          7349
2   2024-10-07        active  ...              Qantas           140
3   2024-10-07        active  ...     Air New Zealand           211
4   2024-10-07        active  ...     United Airlines          6795
..         ...           ...  ...                 ...           ...
95  2024-10-07        active  ...  Singapore Airlines          8360
96  2024-10-07        active  ...           AirAsia X           703
97  2024-10-07        active  ...                None          4199
98  2024-10-07        active  ...           T'Way Air           170
99  2024-10-07        active  ...                None          5912

[100 rows x 9 columns]
[2024-10-06T19:33:42.874+0000] {taskinstance.py:1400} INFO - Marking task as SUCCESS. dag_id=flight_data_pipeline, task_id=fetch_flights_data, execution_date=20241005T000000, start_date=20241006T193337, end_date=20241006T193342
[2024-10-06T19:33:42.917+0000] {local_task_job_runner.py:228} INFO - Task exited with return code 0
[2024-10-06T19:33:42.939+0000] {taskinstance.py:2778} INFO - 1 downstream tasks scheduled from follow-on schedule check
