[2024-10-06T20:52:04.980+0000] {taskinstance.py:1159} INFO - Dependencies all met for dep_context=non-requeueable deps ti=<TaskInstance: flight_data_pipeline.upload_to_db scheduled__2024-10-05T00:00:00+00:00 [queued]>
[2024-10-06T20:52:04.990+0000] {taskinstance.py:1159} INFO - Dependencies all met for dep_context=requeueable deps ti=<TaskInstance: flight_data_pipeline.upload_to_db scheduled__2024-10-05T00:00:00+00:00 [queued]>
[2024-10-06T20:52:04.991+0000] {taskinstance.py:1361} INFO - Starting attempt 14 of 14
[2024-10-06T20:52:05.007+0000] {taskinstance.py:1382} INFO - Executing <Task(PythonOperator): upload_to_db> on 2024-10-05 00:00:00+00:00
[2024-10-06T20:52:05.013+0000] {standard_task_runner.py:57} INFO - Started process 65 to run task
[2024-10-06T20:52:05.017+0000] {standard_task_runner.py:84} INFO - Running: ['***', 'tasks', 'run', 'flight_data_pipeline', 'upload_to_db', 'scheduled__2024-10-05T00:00:00+00:00', '--job-id', '133', '--raw', '--subdir', 'DAGS_FOLDER/flights_dag.py', '--cfg-path', '/tmp/tmpjn17h6h9']
[2024-10-06T20:52:05.020+0000] {standard_task_runner.py:85} INFO - Job 133: Subtask upload_to_db
[2024-10-06T20:52:05.041+0000] {logging_mixin.py:154} WARNING - /home/***/.local/lib/python3.8/site-packages/***/settings.py:195 DeprecationWarning: The sql_alchemy_conn option in [core] has been moved to the sql_alchemy_conn option in [database] - the old setting has been used, but please update your config.
[2024-10-06T20:52:05.088+0000] {task_command.py:416} INFO - Running <TaskInstance: flight_data_pipeline.upload_to_db scheduled__2024-10-05T00:00:00+00:00 [running]> on host 30df259d33f5
[2024-10-06T20:52:05.187+0000] {taskinstance.py:1662} INFO - Exporting env vars: AIRFLOW_CTX_DAG_OWNER='***' AIRFLOW_CTX_DAG_ID='flight_data_pipeline' AIRFLOW_CTX_TASK_ID='upload_to_db' AIRFLOW_CTX_EXECUTION_DATE='2024-10-05T00:00:00+00:00' AIRFLOW_CTX_TRY_NUMBER='14' AIRFLOW_CTX_DAG_RUN_ID='scheduled__2024-10-05T00:00:00+00:00'
[2024-10-06T20:52:05.258+0000] {logging_mixin.py:154} INFO - (datetime.date(2024, 10, 7), 'active', 'Perth International', 'Australia/Perth', 'Kuala Lumpur International Airport (klia)', 'Asia/Kuala_Lumpur', '1', 'Oman Air', '5559')
[2024-10-06T20:52:05.259+0000] {logging_mixin.py:154} INFO - (datetime.date(2024, 10, 7), 'active', 'Beijing Daxing International Airport', '+8', 'Krasnojarsk', 'Asia/Krasnoyarsk', '1', 'Rossiya Airlines', '6622')
[2024-10-06T20:52:05.259+0000] {logging_mixin.py:154} INFO - (datetime.date(2024, 10, 7), 'active', 'Haneda Airport', 'Asia/Tokyo', 'Singapore Changi', 'Asia/Singapore', '1', 'AlphaSky', '7349')
[2024-10-06T20:52:05.260+0000] {logging_mixin.py:154} INFO - (datetime.date(2024, 10, 7), 'active', 'Lohegaon', 'Asia/Kolkata', 'Devi Ahilyabai Holkar', 'Asia/Kolkata', '1', 'IndiGo', '284')
[2024-10-06T20:52:05.260+0000] {logging_mixin.py:154} INFO - (datetime.date(2024, 10, 7), 'active', 'Christchurch International', 'Pacific/Auckland', 'Sydney Kingsford Smith Airport', 'Australia/Sydney', '1', 'Finnair', '5050')
[2024-10-06T20:52:05.261+0000] {logging_mixin.py:154} INFO - (datetime.date(2024, 10, 7), 'active', 'Christchurch International', 'Pacific/Auckland', 'Melbourne - Tullamarine Airport', 'Australia/Melbourne', '2', 'Air New Zealand', '211')
[2024-10-06T20:52:05.261+0000] {logging_mixin.py:154} INFO - (datetime.date(2024, 10, 7), 'active', 'Christchurch International', 'Pacific/Auckland', 'Melbourne - Tullamarine Airport', 'Australia/Melbourne', '2', 'United Airlines', '6795')
[2024-10-06T20:52:05.261+0000] {logging_mixin.py:154} INFO - (datetime.date(2024, 10, 7), 'active', 'Christchurch International', 'Pacific/Auckland', 'Melbourne - Tullamarine Airport', 'Australia/Melbourne', '2', 'Turkish Airlines', '8769')
[2024-10-06T20:52:05.262+0000] {logging_mixin.py:154} INFO - (datetime.date(2024, 10, 7), 'active', 'Christchurch International', 'Pacific/Auckland', 'Melbourne - Tullamarine Airport', 'Australia/Melbourne', '2', 'Thai Airways International', '4830')
[2024-10-06T20:52:05.262+0000] {logging_mixin.py:154} INFO - (datetime.date(2024, 10, 7), 'active', 'Christchurch International', 'Pacific/Auckland', 'Melbourne - Tullamarine Airport', 'Australia/Melbourne', '2', 'Singapore Airlines', '4311')
[2024-10-06T20:52:05.263+0000] {logging_mixin.py:154} INFO - (datetime.date(2024, 10, 7), 'active', 'Christchurch International', 'Pacific/Auckland', 'Melbourne - Tullamarine Airport', 'Australia/Melbourne', '2', 'Etihad Airways', '4427')
[2024-10-06T20:52:05.263+0000] {logging_mixin.py:154} INFO - (datetime.date(2024, 10, 7), 'active', 'Gold Coast (coolangatta)', 'Australia/Brisbane', 'Queenstown', 'Pacific/Auckland', None, 'Jetstar', '193')
[2024-10-06T20:52:05.264+0000] {logging_mixin.py:154} INFO - (datetime.date(2024, 10, 7), 'active', 'Melbourne - Tullamarine Airport', 'Australia/Melbourne', 'Maroochydore', 'Australia/Brisbane', 'D', 'Jetstar', '792')
[2024-10-06T20:52:05.264+0000] {logging_mixin.py:154} INFO - (datetime.date(2024, 10, 7), 'active', 'Mactan-Cebu International', 'Asia/Manila', 'Singapore Changi', 'Asia/Singapore', '1', 'Singapore Airlines', '8441')
[2024-10-06T20:52:05.265+0000] {logging_mixin.py:154} INFO - (datetime.date(2024, 10, 7), 'active', 'Xianyang', 'Asia/Shanghai', 'Tan Son Nhat International', 'Asia/Ho_Chi_Minh', 'T1', None, '4360')
[2024-10-06T20:52:05.265+0000] {logging_mixin.py:154} INFO - (datetime.date(2024, 10, 7), 'active', 'Xianyang', 'Asia/Shanghai', 'Jeju Airport', 'Asia/Seoul', 'I', 'Korean Air', '5060')
[2024-10-06T20:52:05.266+0000] {logging_mixin.py:154} INFO - (datetime.date(2024, 10, 7), 'active', 'Hobart', 'Australia/Hobart', 'Melbourne - Tullamarine Airport', 'Australia/Melbourne', '3', 'Singapore Airlines', '6579')
[2024-10-06T20:52:05.266+0000] {logging_mixin.py:154} INFO - (datetime.date(2024, 10, 7), 'active', 'Hobart', 'Australia/Hobart', 'Melbourne - Tullamarine Airport', 'Australia/Melbourne', '3', 'Qatar Airways', '8515')
[2024-10-06T20:52:05.266+0000] {logging_mixin.py:154} INFO - (datetime.date(2024, 10, 7), 'active', 'Hobart', 'Australia/Hobart', 'Melbourne - Tullamarine Airport', 'Australia/Melbourne', '3', 'Etihad Airways', '6619')
[2024-10-06T20:52:05.267+0000] {logging_mixin.py:154} INFO - (datetime.date(2024, 10, 7), 'active', 'Cairns', 'Australia/Brisbane', 'Brisbane International', 'Australia/Brisbane', 'D', 'QantasLink', '1899')
[2024-10-06T20:52:05.267+0000] {logging_mixin.py:154} INFO - (datetime.date(2024, 10, 7), 'active', 'Williamtown', 'Australia/Sydney', 'Brisbane International', 'Australia/Brisbane', 'D', 'QantasLink', '1962')
[2024-10-06T20:52:05.268+0000] {logging_mixin.py:154} INFO - (datetime.date(2024, 10, 7), 'active', 'Tan Son Nhat International', 'Asia/Ho_Chi_Minh', 'Chu-Bu Centrair International (Central Japan International)', 'Asia/Tokyo', '1', 'Vietnam Airlines', '340')
[2024-10-06T20:52:05.268+0000] {logging_mixin.py:154} INFO - (datetime.date(2024, 10, 7), 'active', 'Madras International (Meenambakkam)', 'Asia/Kolkata', 'Abu Dhabi International', 'Asia/Dubai', 'A', 'IndiGo', '1458')
[2024-10-06T20:52:05.268+0000] {logging_mixin.py:154} INFO - (datetime.date(2024, 10, 7), 'active', 'Seoul (Incheon)', 'Asia/Seoul', 'Duong Dong', 'Asia/Ho_Chi_Minh', '2', None, '2975')
[2024-10-06T20:52:05.269+0000] {logging_mixin.py:154} INFO - (datetime.date(2024, 10, 7), 'active', 'Nadi International', 'Pacific/Fiji', 'Matei', 'Pacific/Fiji', None, 'Fiji Airways', '151')
[2024-10-06T20:52:05.269+0000] {logging_mixin.py:154} INFO - (datetime.date(2024, 10, 7), 'active', 'Sardar Vallabhbhai Patel International Airport', 'Asia/Kolkata', 'Noibai International', 'Asia/Ho_Chi_Minh', 'T2', 'VietJet Air', '1926')
[2024-10-06T20:52:05.269+0000] {logging_mixin.py:154} INFO - (datetime.date(2024, 10, 7), 'active', 'Sardar Vallabhbhai Patel International Airport', 'Asia/Kolkata', 'Noibai International', 'Asia/Ho_Chi_Minh', 'T2', None, '4926')
[2024-10-06T20:52:05.270+0000] {logging_mixin.py:154} INFO - (datetime.date(2024, 10, 7), 'active', 'Auckland International', 'Pacific/Auckland', 'Adelaide International Airport', 'Australia/Adelaide', '1', 'Air China LTD', '5105')
[2024-10-06T20:52:05.270+0000] {logging_mixin.py:154} INFO - (datetime.date(2024, 10, 7), 'active', 'Ngurah Rai International', 'Asia/Makassar', 'Shenzhen', 'Asia/Shanghai', 'T3', 'China Southern Airlines', '6066')
[2024-10-06T20:52:05.270+0000] {logging_mixin.py:154} INFO - (datetime.date(2024, 10, 7), 'active', 'Christchurch International', 'Pacific/Auckland', 'Sydney Kingsford Smith Airport', 'Australia/Sydney', '1', 'American Airlines', '7292')
[2024-10-06T20:52:05.271+0000] {logging_mixin.py:154} INFO - (datetime.date(2024, 10, 7), 'active', 'Christchurch International', 'Pacific/Auckland', 'Sydney Kingsford Smith Airport', 'Australia/Sydney', '1', 'AlphaSky', '5016')
[2024-10-06T20:52:05.271+0000] {logging_mixin.py:154} INFO - (datetime.date(2024, 10, 7), 'active', 'Christchurch International', 'Pacific/Auckland', 'Sydney Kingsford Smith Airport', 'Australia/Sydney', '1', 'Emirates', '5046')
[2024-10-06T20:52:05.271+0000] {logging_mixin.py:154} INFO - (datetime.date(2024, 10, 7), 'active', 'Christchurch International', 'Pacific/Auckland', 'Sydney Kingsford Smith Airport', 'Australia/Sydney', '1', 'British Airways', '7424')
[2024-10-06T20:52:05.272+0000] {logging_mixin.py:154} INFO - (datetime.date(2024, 10, 7), 'active', 'Chhatrapati Shivaji International (Sahar International)', 'Asia/Kolkata', 'Indira Gandhi International', 'Asia/Kolkata', '3', 'Air India Express', '2773')
[2024-10-06T20:52:05.272+0000] {logging_mixin.py:154} INFO - (datetime.date(2024, 10, 7), 'active', 'Wellington International', 'Pacific/Auckland', 'Nelson', 'Pacific/Auckland', None, 'Sounds Air', '343')
[2024-10-06T20:52:05.272+0000] {logging_mixin.py:154} INFO - (datetime.date(2024, 10, 7), 'active', 'Tagbilaran', 'Asia/Manila', 'Seoul (Incheon)', 'Asia/Seoul', '1', 'Air Busan', '7145')
[2024-10-06T20:52:05.273+0000] {logging_mixin.py:154} INFO - (datetime.date(2024, 10, 7), 'active', 'Hong Kong International', 'Asia/Hong_Kong', 'Melbourne - Tullamarine Airport', 'Australia/Melbourne', '2', 'Cathay Pacific', '105')
[2024-10-06T20:52:05.273+0000] {logging_mixin.py:154} INFO - (datetime.date(2024, 10, 7), 'active', 'Beijing Capital International', 'Asia/Shanghai', 'Istanbul Airport', 'Europe/Istanbul', 'I', 'Turkish Airlines', '89')
[2024-10-06T20:52:05.273+0000] {logging_mixin.py:154} INFO - (datetime.date(2024, 10, 7), 'active', 'Beijing Capital International', 'Asia/Shanghai', 'Singapore Changi', 'Asia/Singapore', '1', 'Air China LTD', '975')
[2024-10-06T20:52:05.274+0000] {logging_mixin.py:154} INFO - (datetime.date(2024, 10, 7), 'active', 'Tamworth Regional Airport', 'Australia/Sydney', 'Sydney Kingsford Smith Airport', 'Australia/Sydney', '3', 'QantasLink', '2001')
[2024-10-06T20:52:05.274+0000] {logging_mixin.py:154} INFO - (datetime.date(2024, 10, 7), 'active', 'Haneda Airport', 'Asia/Tokyo', 'Beijing Capital International', 'Asia/Shanghai', '2', 'Hainan Airlines', '7920')
[2024-10-06T20:52:05.274+0000] {logging_mixin.py:154} INFO - (datetime.date(2024, 10, 7), 'active', 'Haneda Airport', 'Asia/Tokyo', 'Shanghai Pudong International', 'Asia/Shanghai', '2', 'Peach Aviation', '899')
[2024-10-06T20:52:05.275+0000] {logging_mixin.py:154} INFO - (datetime.date(2024, 10, 7), 'active', 'Haneda Airport', 'Asia/Tokyo', 'Hong Kong International', 'Asia/Hong_Kong', '1', 'Hong Kong Express', '629')
[2024-10-06T20:52:05.275+0000] {logging_mixin.py:154} INFO - (datetime.date(2024, 10, 7), 'active', 'Perth International', 'Australia/Perth', 'Kuala Lumpur International Airport (klia)', 'Asia/Kuala_Lumpur', '1', 'Turkish Airlines', '4806')
[2024-10-06T20:52:05.276+0000] {logging_mixin.py:154} INFO - (datetime.date(2024, 10, 7), 'active', 'Perth International', 'Australia/Perth', 'Kuala Lumpur International Airport (klia)', 'Asia/Kuala_Lumpur', '1', 'Qatar Airways', '5019')
[2024-10-06T20:52:05.276+0000] {logging_mixin.py:154} INFO - (datetime.date(2024, 10, 7), 'active', 'Perth International', 'Australia/Perth', 'Kuala Lumpur International Airport (klia)', 'Asia/Kuala_Lumpur', '1', 'Air Mauritius', '9781')
[2024-10-06T20:52:05.276+0000] {logging_mixin.py:154} INFO - (datetime.date(2024, 10, 7), 'active', 'Perth International', 'Australia/Perth', 'Kuala Lumpur International Airport (klia)', 'Asia/Kuala_Lumpur', '1', 'KLM', '3962')
[2024-10-06T20:52:05.277+0000] {logging_mixin.py:154} INFO - (datetime.date(2024, 10, 7), 'active', 'Perth International', 'Australia/Perth', 'Kuala Lumpur International Airport (klia)', 'Asia/Kuala_Lumpur', '1', 'Firefly', '7156')
[2024-10-06T20:52:05.277+0000] {logging_mixin.py:154} INFO - (datetime.date(2024, 10, 7), 'active', 'Singapore Changi', 'Asia/Singapore', 'Fukuoka', 'Asia/Tokyo', 'I', 'ANA', '6270')
[2024-10-06T20:52:05.278+0000] {logging_mixin.py:154} INFO - (datetime.date(2024, 10, 7), 'active', 'Singapore Changi', 'Asia/Singapore', 'Beijing Capital International', 'Asia/Shanghai', '3', 'Air China LTD', '5286')
[2024-10-06T20:52:05.278+0000] {logging_mixin.py:154} INFO - (datetime.date(2024, 10, 7), 'active', 'Haneda Airport', 'Asia/Tokyo', 'Tan Son Nhat International', 'Asia/Ho_Chi_Minh', '2', 'VietJet Air', '821')
[2024-10-06T20:52:05.278+0000] {logging_mixin.py:154} INFO - (datetime.date(2024, 10, 7), 'active', 'Haneda Airport', 'Asia/Tokyo', 'Ninoy Aquino International', 'Asia/Manila', '1', 'JAL', '77')
[2024-10-06T20:52:05.279+0000] {logging_mixin.py:154} INFO - (datetime.date(2024, 10, 7), 'active', 'Haneda Airport', 'Asia/Tokyo', 'Ninoy Aquino International', 'Asia/Manila', '1', 'Philippine Airlines', '423')
[2024-10-06T20:52:05.279+0000] {logging_mixin.py:154} INFO - (datetime.date(2024, 10, 7), 'active', 'Haneda Airport', 'Asia/Tokyo', 'Tan Son Nhat International', 'Asia/Ho_Chi_Minh', '2', 'JAL', '79')
[2024-10-06T20:52:05.279+0000] {logging_mixin.py:154} INFO - (datetime.date(2024, 10, 7), 'active', 'Haneda Airport', 'Asia/Tokyo', 'Suvarnabhumi International', 'Asia/Bangkok', 'MAIN', 'JAL', '33')
[2024-10-06T20:52:05.280+0000] {logging_mixin.py:154} INFO - (datetime.date(2024, 10, 7), 'active', 'Shanghai Pudong International', 'Asia/Shanghai', 'Narita International Airport', 'Asia/Tokyo', '1S', 'ANA', '8404')
[2024-10-06T20:52:05.280+0000] {logging_mixin.py:154} INFO - (datetime.date(2024, 10, 7), 'active', 'Shanghai Pudong International', 'Asia/Shanghai', 'Don Muang', 'Asia/Bangkok', '1', 'Thai AirAsia', '471')
[2024-10-06T20:52:05.280+0000] {logging_mixin.py:154} INFO - (datetime.date(2024, 10, 7), 'active', 'Shanghai Pudong International', 'Asia/Shanghai', 'Kota-Kinabalu International Airport', 'Asia/Kuching', '1', 'AirAsia', '1517')
[2024-10-06T20:52:05.281+0000] {logging_mixin.py:154} INFO - (datetime.date(2024, 10, 7), 'active', 'Seoul (Incheon)', 'Asia/Seoul', 'Abu Dhabi International', 'Asia/Dubai', 'A', 'Etihad Airways', '859')
[2024-10-06T20:52:05.281+0000] {logging_mixin.py:154} INFO - (datetime.date(2024, 10, 7), 'active', 'Seoul (Incheon)', 'Asia/Seoul', 'Abu Dhabi International', 'Asia/Dubai', 'A', 'Royal Jordanian', '3632')
[2024-10-06T20:52:05.282+0000] {logging_mixin.py:154} INFO - (datetime.date(2024, 10, 7), 'active', 'Seoul (Incheon)', 'Asia/Seoul', 'Abu Dhabi International', 'Asia/Dubai', 'A', 'Asiana Airlines', '6968')
[2024-10-06T20:52:05.282+0000] {logging_mixin.py:154} INFO - (datetime.date(2024, 10, 7), 'active', 'Haneda Airport', 'Asia/Tokyo', 'Singapore Changi', 'Asia/Singapore', '1', 'Vistara', '2005')
[2024-10-06T20:52:05.283+0000] {logging_mixin.py:154} INFO - (datetime.date(2024, 10, 7), 'active', 'Singapore Changi', 'Asia/Singapore', 'Perth International', 'Australia/Perth', '1', 'Singapore Airlines', '225')
[2024-10-06T20:52:05.283+0000] {logging_mixin.py:154} INFO - (datetime.date(2024, 10, 7), 'active', 'Noibai International', 'Asia/Ho_Chi_Minh', 'Chu-Bu Centrair International (Central Japan International)', 'Asia/Tokyo', '1', 'FlexFlight', '4920')
[2024-10-06T20:52:05.283+0000] {logging_mixin.py:154} INFO - (datetime.date(2024, 10, 7), 'active', 'Sydney Kingsford Smith Airport', 'Australia/Sydney', 'Gold Coast (coolangatta)', 'Australia/Brisbane', '1', 'IndiGo', '4736')
[2024-10-06T20:52:05.284+0000] {logging_mixin.py:154} INFO - (datetime.date(2024, 10, 7), 'active', 'Sydney Kingsford Smith Airport', 'Australia/Sydney', 'Gold Coast (coolangatta)', 'Australia/Brisbane', '1', 'Air New Zealand', '7601')
[2024-10-06T20:52:05.284+0000] {logging_mixin.py:154} INFO - (datetime.date(2024, 10, 7), 'active', 'Brisbane International', 'Australia/Brisbane', 'Mackay', 'Australia/Brisbane', 'D', 'Emirates', '5315')
[2024-10-06T20:52:05.284+0000] {logging_mixin.py:154} INFO - (datetime.date(2024, 10, 7), 'active', 'Brisbane International', 'Australia/Brisbane', 'Sydney Kingsford Smith Airport', 'Australia/Sydney', '3', 'Qantas', '503')
[2024-10-06T20:52:05.285+0000] {logging_mixin.py:154} INFO - (datetime.date(2024, 10, 7), 'active', 'Seoul (Incheon)', 'Asia/Seoul', 'Cam Ranh', 'Asia/Ho_Chi_Minh', '2', 'VietJet Air', '839')
[2024-10-06T20:52:05.285+0000] {logging_mixin.py:154} INFO - (datetime.date(2024, 10, 7), 'active', 'Seoul (Incheon)', 'Asia/Seoul', 'Cam Ranh', 'Asia/Ho_Chi_Minh', '2', None, '4504')
[2024-10-06T20:52:05.285+0000] {logging_mixin.py:154} INFO - (datetime.date(2024, 10, 7), 'active', 'Seoul (Incheon)', 'Asia/Seoul', 'Cam Ranh', 'Asia/Ho_Chi_Minh', '2', 'FlexFlight', '4839')
[2024-10-06T20:52:05.286+0000] {logging_mixin.py:154} INFO - (datetime.date(2024, 10, 7), 'active', 'Seoul (Incheon)', 'Asia/Seoul', 'Cam Ranh', 'Asia/Ho_Chi_Minh', '2', None, '2839')
[2024-10-06T20:52:05.286+0000] {logging_mixin.py:154} INFO - (datetime.date(2024, 10, 7), 'active', 'Seoul (Incheon)', 'Asia/Seoul', 'Duong Dong', 'Asia/Ho_Chi_Minh', '2', 'VietJet Air', '975')
[2024-10-06T20:52:05.286+0000] {logging_mixin.py:154} INFO - (datetime.date(2024, 10, 7), 'active', 'Seoul (Incheon)', 'Asia/Seoul', 'Duong Dong', 'Asia/Ho_Chi_Minh', '2', None, '4540')
[2024-10-06T20:52:05.287+0000] {logging_mixin.py:154} INFO - (datetime.date(2024, 10, 7), 'active', 'Seoul (Incheon)', 'Asia/Seoul', 'Duong Dong', 'Asia/Ho_Chi_Minh', '2', 'FlexFlight', '4975')
[2024-10-06T20:52:05.287+0000] {logging_mixin.py:154} INFO - (datetime.date(2024, 10, 7), 'active', 'Cam Ranh', 'Asia/Ho_Chi_Minh', 'Seoul (Incheon)', 'Asia/Seoul', '1', 'Asiana Airlines', '7745')
[2024-10-06T20:52:05.287+0000] {logging_mixin.py:154} INFO - (datetime.date(2024, 10, 7), 'active', 'Suvarnabhumi International', 'Asia/Bangkok', 'Seoul (Incheon)', 'Asia/Seoul', '1', 'Thai Airways International', '6726')
[2024-10-06T20:52:05.288+0000] {logging_mixin.py:154} INFO - (datetime.date(2024, 10, 7), 'active', 'Suvarnabhumi International', 'Asia/Bangkok', 'Seoul (Incheon)', 'Asia/Seoul', '1', 'Air Canada', '6997')
[2024-10-06T20:52:05.288+0000] {logging_mixin.py:154} INFO - (datetime.date(2024, 10, 7), 'active', 'Suvarnabhumi International', 'Asia/Bangkok', 'Seoul (Incheon)', 'Asia/Seoul', '1', 'Austrian', '8051')
[2024-10-06T20:52:05.288+0000] {logging_mixin.py:154} INFO - (datetime.date(2024, 10, 7), 'active', 'Suvarnabhumi International', 'Asia/Bangkok', 'Seoul (Incheon)', 'Asia/Seoul', '1', 'Ethiopian Airlines', '1299')
[2024-10-06T20:52:05.289+0000] {logging_mixin.py:154} INFO - (datetime.date(2024, 10, 7), 'active', 'Kuala Lumpur International Airport (klia)', 'Asia/Kuala_Lumpur', 'Kansai International', 'Asia/Tokyo', '1', 'AirAsia X', '532')
[2024-10-06T20:52:05.289+0000] {logging_mixin.py:154} INFO - (datetime.date(2024, 10, 7), 'active', 'Kuala Lumpur International Airport (klia)', 'Asia/Kuala_Lumpur', 'Ninoy Aquino International', 'Asia/Manila', '3', 'Cebu Pacific Air', '502')
[2024-10-06T20:52:05.289+0000] {logging_mixin.py:154} INFO - (datetime.date(2024, 10, 7), 'active', 'Kuala Lumpur International Airport (klia)', 'Asia/Kuala_Lumpur', 'Shenzhen', 'Asia/Shanghai', 'T3', 'China Southern Airlines', '5080')
[2024-10-06T20:52:05.290+0000] {logging_mixin.py:154} INFO - (datetime.date(2024, 10, 7), 'active', 'Kuala Lumpur International Airport (klia)', 'Asia/Kuala_Lumpur', 'Yantai', 'Asia/Shanghai', 'T2', 'China Eastern Airlines', '7364')
[2024-10-06T20:52:05.290+0000] {logging_mixin.py:154} INFO - (datetime.date(2024, 10, 7), 'active', 'Canberra', 'Australia/Sydney', 'Brisbane International', 'Australia/Brisbane', 'D', 'QantasLink', '2382')
[2024-10-06T20:52:05.290+0000] {logging_mixin.py:154} INFO - (datetime.date(2024, 10, 7), 'active', 'Taiwan Taoyuan International (Chiang Kai Shek International)', 'Asia/Taipei', 'Kansai International', 'Asia/Tokyo', '1', 'Jetstar', '50')
[2024-10-06T20:52:05.291+0000] {logging_mixin.py:154} INFO - (datetime.date(2024, 10, 7), 'active', 'Mackay', 'Australia/Brisbane', 'Mackay', 'Australia/Brisbane', None, 'empty', None)
[2024-10-06T20:52:05.291+0000] {logging_mixin.py:154} INFO - (datetime.date(2024, 10, 7), 'active', 'Kuala Lumpur International Airport (klia)', 'Asia/Kuala_Lumpur', 'Guangzhou Baiyun International', 'Asia/Shanghai', '2', 'Malaysia Airlines', '4478')
[2024-10-06T20:52:05.291+0000] {logging_mixin.py:154} INFO - (datetime.date(2024, 10, 7), 'active', 'Seoul (Incheon)', 'Asia/Seoul', 'Kota-Kinabalu International Airport', 'Asia/Kuching', '1', 'AirAsia', '1624')
[2024-10-06T20:52:05.292+0000] {logging_mixin.py:154} INFO - (datetime.date(2024, 10, 7), 'active', 'Kuala Lumpur International Airport (klia)', 'Asia/Kuala_Lumpur', 'Beijing Daxing International Airport', '+8', '3', 'China Eastern Airlines', '796')
[2024-10-06T20:52:05.292+0000] {logging_mixin.py:154} INFO - (datetime.date(2024, 10, 7), 'active', 'Kuala Lumpur International Airport (klia)', 'Asia/Kuala_Lumpur', 'Guangzhou Baiyun International', 'Asia/Shanghai', '1', 'AirAsia', '114')
[2024-10-06T20:52:05.292+0000] {logging_mixin.py:154} INFO - (datetime.date(2024, 10, 7), 'active', 'Kuala Lumpur International Airport (klia)', 'Asia/Kuala_Lumpur', 'Beijing Capital International', 'Asia/Shanghai', '3', 'Air China LTD', '872')
[2024-10-06T20:52:05.293+0000] {logging_mixin.py:154} INFO - (datetime.date(2024, 10, 7), 'active', 'Wallis Island', 'Pacific/Wallis', 'Futuna Island', 'Pacific/Wallis', None, 'Air Loyaute', '10')
[2024-10-06T20:52:05.293+0000] {logging_mixin.py:154} INFO - (datetime.date(2024, 10, 7), 'active', 'Hasanudin', 'Asia/Makassar', 'Jefman', 'Asia/Jayapura', '3', 'Lion Air', '944')
[2024-10-06T20:52:05.293+0000] {logging_mixin.py:154} INFO - (datetime.date(2024, 10, 7), 'active', 'Hasanudin', 'Asia/Makassar', 'Jefman', 'Asia/Jayapura', '3', None, '6195')
[2024-10-06T20:52:05.294+0000] {logging_mixin.py:154} INFO - (datetime.date(2024, 10, 7), 'active', 'Hasanudin', 'Asia/Makassar', 'Sentani', 'Asia/Jayapura', None, 'Batik Air', '6182')
[2024-10-06T20:52:05.294+0000] {logging_mixin.py:154} INFO - (datetime.date(2024, 10, 7), 'active', 'Hasanudin', 'Asia/Makassar', 'Timika', 'Asia/Jayapura', None, 'Lion Air', '984')
[2024-10-06T20:52:05.294+0000] {logging_mixin.py:154} INFO - (datetime.date(2024, 10, 7), 'active', 'Hasanudin', 'Asia/Makassar', 'Timika', 'Asia/Jayapura', None, None, '6849')
[2024-10-06T20:52:05.295+0000] {logging_mixin.py:154} INFO - (datetime.date(2024, 10, 7), 'active', 'Sydney Kingsford Smith Airport', 'Australia/Sydney', 'Canberra', 'Australia/Sydney', '3', 'QantasLink', '1423')
[2024-10-06T20:52:05.295+0000] {logging_mixin.py:154} INFO - (datetime.date(2024, 10, 7), 'active', 'Kuala Lumpur International Airport (klia)', 'Asia/Kuala_Lumpur', 'Changsha', 'Asia/Shanghai', '2', 'China Southern Airlines', '5050')
[2024-10-06T20:52:05.295+0000] {logging_mixin.py:154} INFO - Data inserted and selected successfully!
[2024-10-06T20:52:05.296+0000] {python.py:194} INFO - Done. Returned value was: None
[2024-10-06T20:52:05.307+0000] {taskinstance.py:1400} INFO - Marking task as SUCCESS. dag_id=flight_data_pipeline, task_id=upload_to_db, execution_date=20241005T000000, start_date=20241006T205204, end_date=20241006T205205
[2024-10-06T20:52:05.364+0000] {local_task_job_runner.py:228} INFO - Task exited with return code 0
[2024-10-06T20:52:05.387+0000] {taskinstance.py:2778} INFO - 0 downstream tasks scheduled from follow-on schedule check
